[vdelo.pro/index.html]
[backblue.gif]
[fade.gif]
[index.html]
[vdelo.pro/favicon/favicon.ico]
[vdelo.pro/json/tableau7373.json]
[vdelo.pro/_payload.js]
[vdelo.pro/_nuxt/entry.043f00b6.js]
[vdelo.pro/_nuxt/default.39380a9c.js]
[vdelo.pro/_nuxt/message.dc291a30.js]
[vdelo.pro/_nuxt/vue.f36acd1f.78506e28.js]
[vdelo.pro/_nuxt/index.ae64c263.js]
[vdelo.pro/_nuxt/index.2c391975.js]
[vdelo.pro/_nuxt/FirstScreen.cc0a0a58.js]
[vdelo.pro/_nuxt/client-only.c2497d55.js]
[vdelo.pro/_nuxt/ConclusionModal.e8d3fb99.js]
[vdelo.pro/_nuxt/_plugin-vue_export-helper.c27b6911.js]
[vdelo.pro/_nuxt/InputDefault.a524a8a1.js]
[vdelo.pro/_nuxt/Facts.820c33cc.js]
[vdelo.pro/_nuxt/ActionBlock.81c36400.js]
[vdelo.pro/investor/index.html]
[vdelo.pro/loaner/index.html]
[vdelo.pro/partner/index.html]
[vdelo.pro/images/b-preview.webp]
[vdelo.pro/documents/index.html]
[vdelo.pro/images/partners/partner1.webp]
[vdelo.pro/images/partners/partner3.webp]
[vdelo.pro/images/partners/partner4.webp]
[vdelo.pro/images/partners/partner5.webp]
[vdelo.pro/images/partners/partner6.webp]
[vdelo.pro/infographic.html]
[vdelo.pro/'/images/command-slider-background.webp']
[vdelo.pro/images/command/rt.webp]
[vdelo.pro/images/command/Ruslan-sm.png]
[vdelo.pro/images/command/Ina-sm.png]
[vdelo.pro/images/command/Sulla-sm.png]
[vdelo.pro/images/command/Sergey-sm.png]
[vdelo.pro/video/begin-background.mp4]
[vdelo.pro/images/begin-loaner.webp]
[vdelo.pro/images/begin-investor_purple.webp]
[vdelo.pro/images/footer-images/index-page.webp]
[vdelo.pro/images/footer-images/index-background.webp]
[vdelo.pro/_nuxt/polyfills-legacy.D2Ni_Hhy.js]
[vdelo.pro/_nuxt/entry-legacy.ef274813.js]
[vdelo.pro/index.html]
[vdelo.pro/icons/logo.svg]
[vdelo.pro/favicon/favicon-120x120.svg]
[vdelo.pro/_nuxt/NeueMachina-Black.8bed708a.eot]
[vdelo.pro/_nuxt/NeueMachina-Black.54057942.woff2]
[vdelo.pro/_nuxt/NeueMachina-Black.ceb23105.woff]
[vdelo.pro/_nuxt/NeueMachina-Black.677f75d8.ttf]
[vdelo.pro/_nuxt/NeueMachina-Bold.51303a1a.eot]
[vdelo.pro/_nuxt/NeueMachina-Bold.7f5e5454.woff2]
[vdelo.pro/_nuxt/NeueMachina-Bold.cd8d877f.woff]
[vdelo.pro/_nuxt/NeueMachina-Bold.2d6854ba.ttf]
[vdelo.pro/_nuxt/NeueMachina-Light.579272cf.eot]
[vdelo.pro/_nuxt/NeueMachina-Light.fe4ef9a2.woff2]
[vdelo.pro/_nuxt/NeueMachina-Light.fe33ca8d.woff]
[vdelo.pro/_nuxt/NeueMachina-Light.7ab91a62.ttf]
[vdelo.pro/_nuxt/NeueMachina-Medium.cee78346.eot]
[vdelo.pro/_nuxt/NeueMachina-Medium.cc0ea3b4.woff2]
[vdelo.pro/_nuxt/NeueMachina-Medium.8e966662.woff]
[vdelo.pro/_nuxt/NeueMachina-Medium.e88defa4.ttf]
[vdelo.pro/_nuxt/NeueMachina-Regular.8043501b.eot]
[vdelo.pro/_nuxt/NeueMachina-Regular.6c7c736d.woff2]
[vdelo.pro/_nuxt/NeueMachina-Regular.8b9638ed.woff]
[vdelo.pro/_nuxt/NeueMachina-Regular.525d5e6e.ttf]
[vdelo.pro/_nuxt/NeueMachina-Ultrabold.ddbbdbf6.eot]
[vdelo.pro/_nuxt/NeueMachina-Ultrabold.dabc6dd8.woff2]
[vdelo.pro/_nuxt/NeueMachina-Ultrabold.87c6a06d.woff]
[vdelo.pro/_nuxt/NeueMachina-Ultrabold.9e5924ad.ttf]
[vdelo.pro/_nuxt/NeueMachina-Ultralight.73877699.eot]
[vdelo.pro/_nuxt/NeueMachina-Ultralight.fbd60448.woff2]
[vdelo.pro/_nuxt/NeueMachina-Ultralight.1cd7aebe.woff]
[vdelo.pro/_nuxt/NeueMachina-Ultralight.eb79c448.ttf]
[vdelo.pro/_nuxt/Montserrat-Black.635ca27c.ttf]
[vdelo.pro/_nuxt/Montserrat-Bold.06a0e623.ttf]
[vdelo.pro/_nuxt/Montserrat-ExtraBold.2b13347c.ttf]
[vdelo.pro/_nuxt/Montserrat-ExtraLight.8e07a92d.ttf]
[vdelo.pro/_nuxt/Montserrat-Light.09f8baec.ttf]
[vdelo.pro/_nuxt/Montserrat-Medium.9692eb36.ttf]
[vdelo.pro/_nuxt/Montserrat-Regular.34169f8b.ttf]
[vdelo.pro/_nuxt/Montserrat-SemiBold.f09b4b7b.ttf]
[vdelo.pro/_nuxt/entry.645acc4f.css]
[vdelo.pro/_nuxt/default.d4c7c884.css]
[vdelo.pro/images/invest-background.webp]
[vdelo.pro/_nuxt/index.6cfcb707.css]
[vdelo.pro/_nuxt/FirstScreen.a81c51d0.css]
[vdelo.pro/_nuxt/ConclusionModal.2d0f82c6.css]
[vdelo.pro/_nuxt/InputDefault.2629e1a2.css]
[vdelo.pro/images/main-circle-back.webp]
[vdelo.pro/images/partner-circle-back.webp]
[vdelo.pro/_nuxt/Facts.29cae013.css]
[vdelo.pro/_nuxt/ActionBlock.e3ced143.css]
[vdelo.pro/investor/_payload.js]
[vdelo.pro/_nuxt/investor.48885e31.js]
[vdelo.pro/_nuxt/Faq.ff79600d.js]
[vdelo.pro/_nuxt/AdviceSlider.2fb5b68e.js]
[vdelo.pro/images/video-reviews/Batalova-lg.webp]
[vdelo.pro/images/video-reviews/Batalova-sm.webp]
[vdelo.pro/video/reviews/Batalova.mp4]
[vdelo.pro/images/video-reviews/Otinov-lg.webp]
[vdelo.pro/images/video-reviews/Otinov-sm.webp]
[vdelo.pro/images/video-reviews/Baltag-lg.webp]
[vdelo.pro/images/video-reviews/Baltag-sm.webp]
[vdelo.pro/images/video-reviews/Zvonova-lg.webp]
[vdelo.pro/images/video-reviews/Zvonova-sm.webp]
[vdelo.pro/images/video-reviews/Lezhin-lg.webp]
[vdelo.pro/images/video-reviews/Lezhin-sm.webp]
[vdelo.pro/images/video-reviews/Timofeeva-lg.webp]
[vdelo.pro/images/video-reviews/Timofeeva-sm.webp]
[vdelo.pro/images/begin-investor_green.png]
[vdelo.pro/images/get-conclusion.webp]
[vdelo.pro/images/investor-question-background.webp]
[vdelo.pro/images/footer-images/investor-page.webp]
[vdelo.pro/investor/index.html]
[vdelo.pro/loaner/_payload.js]
[vdelo.pro/_nuxt/loaner.222a2f08.js]
[vdelo.pro/_nuxt/ReviewsSlider.a74aa623.js]
[vdelo.pro/images/reviews/Danilin-lg.webp]
[vdelo.pro/images/reviews/Ivanova-sm.webp]
[vdelo.pro/images/reviews/Maltseva-sm.webp]
[vdelo.pro/images/reviews/Agapov-sm.webp]
[vdelo.pro/images/reviews/Polyakov-sm.webp]
[vdelo.pro/images/reviews/Marov-sm.webp]
[vdelo.pro/images/reviews/Danilin-sm.webp]
[vdelo.pro/images/investor-waiting.webp]
[vdelo.pro/images/footer-images/loaner-page.webp]
[vdelo.pro/images/footer-images/loaner-background.webp]
[vdelo.pro/loaner/index.html]
[vdelo.pro/partner/_payload.js]
[vdelo.pro/_nuxt/partner.846fd25d.js]
[vdelo.pro/images/reviews/polomarchuk-lg.webp]
[vdelo.pro/images/reviews/tatarnikova-sm.webp]
[vdelo.pro/images/reviews/mahlyagin-sm.webp]
[vdelo.pro/images/reviews/simonyan-sm.webp]
[vdelo.pro/images/reviews/talabov-sm.webp]
[vdelo.pro/images/reviews/polomarchuk-sm.webp]
[vdelo.pro/images/finger.webp]
[vdelo.pro/images/partners/partner1-w.webp]
[vdelo.pro/images/partners/partner3-w.webp]
[vdelo.pro/images/partners/partner4-w.webp]
[vdelo.pro/images/partners/partner5-w.webp]
[vdelo.pro/images/partners/partner6-w.webp]
[vdelo.pro/images/partner-question-background.webp]
[vdelo.pro/images/footer-images/partner-page.webp]
[vdelo.pro/images/footer-images/partner-background.webp]
[vdelo.pro/partner/index.html]
[vdelo.pro/documents/_payload.js]
[vdelo.pro/_nuxt/documents.2ce535fa.js]
[vdelo.pro/documents/Закладная.pdf]
[vdelo.pro/documents/index.html]
[vdelo.pro/images/money-way.svg]
[vdelo.pro/infographic.html]
[vdelo.pro/'/images/command-slider-background.html]
[vdelo.pro/icons/phone.svg]
[vdelo.pro/icons/mail.svg]
[vdelo.pro/icons/telegram.svg]
[vdelo.pro/icons/vk.svg]
[vdelo.pro/icons/arrow.svg]
[vdelo.pro/images/investor-begin-background.webp]
[vdelo.pro/_nuxt/investor.a45137ee.css]
[vdelo.pro/_nuxt/Faq.c45b64e4.css]
[vdelo.pro/_nuxt/AdviceSlider.43e956cd.css]
[vdelo.pro/icons/quotes.svg]
[vdelo.pro/_nuxt/loaner.833d9c84.css]
[vdelo.pro/_nuxt/ReviewsSlider.05b9ee16.css]
[vdelo.pro/_nuxt/partner.0e03becb.css]
[vdelo.pro/_nuxt/documents.97d44fa0.css]
[vdelo.pro/documents/Закладная.html]
